#
# An unexpected error has been detected by Java Runtime Environment:
#
#  EXCEPTION_ACCESS_VIOLATION (0xc0000005) at pc=0x78c7141b, pid=3532, tid=5268
#
# Java VM: Java HotSpot(TM) Client VM (1.6.0-b105 mixed mode)
# Problematic frame:
# C  [awt.dll+0x10141b]
#
# If you would like to submit a bug report, please visit:
#   http://java.sun.com/webapps/bugreport/crash.jsp
#

---------------  T H R E A D  ---------------

Current thread (0x04519000):  JavaThread "AWT-Windows" daemon [_thread_in_native, id=5268]

siginfo: ExceptionCode=0xc0000005, reading address 0x2e73656c

Registers:
EAX=0x2e73656c, EBX=0x00000111, ECX=0x160af53c, EDX=0x78cbf098
ESP=0x160af504, EBP=0x0001a220, ESI=0x15c5efb0, EDI=0x759d44c7
EIP=0x78c7141b, EFLAGS=0x00010206

Top of Stack: (sp=0x160af504)
0x160af504:   78c74506 0000a220 00000000 00000001
0x160af514:   0001a220 15c5efb0 160af594 00000111
0x160af524:   00000001 001017c6 160af568 75a883d4
0x160af534:   00000000 045190e8 160af588 78cacee8
0x160af544:   00000000 78c9b05e 00000111 0001a220
0x160af554:   00000000 160af610 001017c6 00000000
0x160af564:   00000000 78c6be08 00000111 0001a220
0x160af574:   00000000 160af610 00000111 00000000 

Instructions: (pc=0x78c7141b)
0x78c7140b:   04 50 b9 50 67 cf 78 e8 e9 63 02 00 85 c0 74 07
0x78c7141b:   8b 10 8b c8 ff 52 04 b8 02 00 00 00 c2 0c 00 50 


Stack: [0x16030000,0x160b0000),  sp=0x160af504,  free space=509k
Native frames: (J=compiled Java code, j=interpreted, Vv=VM code, C=native code)
C  [awt.dll+0x10141b]

Java frames: (J=compiled Java code, j=interpreted, Vv=VM code)
j  sun.awt.windows.WToolkit.eventLoop()V+0
j  sun.awt.windows.WToolkit.run()V+69
j  java.lang.Thread.run()V+11
v  ~StubRoutines::call_stub

---------------  P R O C E S S  ---------------

Java Threads: ( => current thread )
  0x04519c00 JavaThread "Thread-24" [_thread_in_native, id=2128]
  0x0451cc00 JavaThread "Active Reference Queue Daemon" daemon [_thread_blocked, id=4288]
  0x0451c400 JavaThread "Timer-4" daemon [_thread_blocked, id=6432]
  0x0451c000 JavaThread "Prefs Updater" [_thread_blocked, id=5764]
  0x0451ac00 JavaThread "Timer-2" daemon [_thread_blocked, id=4164]
  0x0451b400 JavaThread "Timer-1" [_thread_blocked, id=6616]
  0x0451a400 JavaThread "TimerQueue" daemon [_thread_blocked, id=6716]
  0x04518c00 JavaThread "AWT-EventQueue-0" [_thread_blocked, id=6076]
  0x04519800 JavaThread "AWT-Shutdown" [_thread_blocked, id=7184]
=>0x04519000 JavaThread "AWT-Windows" daemon [_thread_in_native, id=5268]
  0x04518400 JavaThread "Java2D Disposer" daemon [_thread_blocked, id=6424]
  0x04517400 JavaThread "Timer-0" [_thread_blocked, id=7648]
  0x04517000 JavaThread "Low Memory Detector" daemon [_thread_blocked, id=5224]
  0x04516800 JavaThread "CompilerThread0" daemon [_thread_blocked, id=7092]
  0x04516400 JavaThread "Attach Listener" daemon [_thread_blocked, id=7404]
  0x04515c00 JavaThread "Signal Dispatcher" daemon [_thread_blocked, id=8112]
  0x044f8000 JavaThread "Finalizer" daemon [_thread_blocked, id=5136]
  0x044eb000 JavaThread "Reference Handler" daemon [_thread_blocked, id=8120]
  0x057ad400 JavaThread "main" [_thread_in_native, id=1020]

Other Threads:
  0x044e8000 VMThread [id=7132]
  0x0453b400 WatcherThread [id=7192]

VM state:not at safepoint (normal execution)

VM Mutex/Monitor currently owned by a thread: None

Heap
 def new generation   total 19584K, used 7380K [0x077b0000, 0x08ce0000, 0x097b0000)
  eden space 17472K,  34% used [0x077b0000, 0x07d9cae0, 0x088c0000)
  from space 2112K,  62% used [0x08ad0000, 0x08c186b8, 0x08ce0000)
  to   space 2112K,   0% used [0x088c0000, 0x088c0000, 0x08ad0000)
 tenured generation   total 64864K, used 51618K [0x097b0000, 0x0d708000, 0x0f7b0000)
   the space 64864K,  79% used [0x097b0000, 0x0ca18a40, 0x0ca18c00, 0x0d708000)
 compacting perm gen  total 32768K, used 26914K [0x0f7b0000, 0x117b0000, 0x137b0000)
   the space 32768K,  82% used [0x0f7b0000, 0x111f8a10, 0x111f8c00, 0x117b0000)
No shared spaces configured.

Dynamic libraries:
0x00400000 - 0x004eb000 	C:\Program Files\MATLAB\R2007b\bin\win32\matlab.exe
0x77340000 - 0x7747d000 	C:\Windows\SYSTEM32\ntdll.dll
0x75990000 - 0x75a64000 	C:\Windows\system32\kernel32.dll
0x75720000 - 0x7576a000 	C:\Windows\system32\KERNELBASE.dll
0x7aca0000 - 0x7aeba000 	C:\Program Files\MATLAB\R2007b\bin\win32\libmwservices.dll
0x7aec0000 - 0x7af1d000 	C:\Program Files\MATLAB\R2007b\bin\win32\libmwmathutil.dll
0x7ac50000 - 0x7ac9f000 	C:\Program Files\MATLAB\R2007b\bin\win32\libmx.dll
0x7ab80000 - 0x7ac4e000 	C:\Program Files\MATLAB\R2007b\bin\win32\libut.dll
0x75d50000 - 0x75d7a000 	C:\Windows\system32\imagehlp.dll
0x75ca0000 - 0x75d4c000 	C:\Windows\system32\msvcrt.dll
0x77560000 - 0x77565000 	C:\Windows\system32\PSAPI.DLL
0x789a0000 - 0x78b62000 	C:\Program Files\MATLAB\R2007b\bin\win32\xerces-c_2_7.dll
0x7af20000 - 0x7aff7000 	C:\Program Files\MATLAB\R2007b\bin\win32\icuuc36.dll
0x76e30000 - 0x76ed0000 	C:\Windows\system32\ADVAPI32.dll
0x774e0000 - 0x774f9000 	C:\Windows\SYSTEM32\sechost.dll
0x75b70000 - 0x75c11000 	C:\Windows\system32\RPCRT4.dll
0x7a770000 - 0x7a774000 	C:\Program Files\MATLAB\R2007b\bin\win32\icudt36.dll
0x72640000 - 0x726db000 	C:\Windows\WinSxS\x86_microsoft.vc80.crt_1fc8b3b9a1e18e3b_8.0.50727.4927_none_d08a205e442db5b5\MSVCR80.dll
0x774a0000 - 0x774d5000 	C:\Windows\system32\WS2_32.dll
0x75b50000 - 0x75b56000 	C:\Windows\system32\NSI.dll
0x7a9e0000 - 0x7aaa2000 	C:\Program Files\MATLAB\R2007b\bin\win32\icuin36.dll
0x7a780000 - 0x7a78c000 	C:\Program Files\MATLAB\R2007b\bin\win32\icuio36.dll
0x726e0000 - 0x72767000 	C:\Windows\WinSxS\x86_microsoft.vc80.crt_1fc8b3b9a1e18e3b_8.0.50727.4927_none_d08a205e442db5b5\MSVCP80.dll
0x75a70000 - 0x75b39000 	C:\Windows\system32\USER32.dll
0x75790000 - 0x757de000 	C:\Windows\system32\GDI32.dll
0x75b40000 - 0x75b4a000 	C:\Windows\system32\LPK.dll
0x76ed0000 - 0x76f6d000 	C:\Windows\system32\USP10.dll
0x78620000 - 0x78632000 	C:\Program Files\MATLAB\R2007b\bin\win32\zlib1.dll
0x79120000 - 0x79154000 	C:\Program Files\MATLAB\R2007b\bin\win32\mpath.dll
0x6f9e0000 - 0x6fa64000 	C:\Windows\WinSxS\x86_microsoft.windows.common-controls_6595b64144ccf1df_5.82.7600.16661_none_ebfb56996c72aefc\COMCTL32.dll
0x75c20000 - 0x75c9b000 	C:\Windows\system32\comdlg32.dll
0x757e0000 - 0x75837000 	C:\Windows\system32\SHLWAPI.dll
0x75ee0000 - 0x76b29000 	C:\Windows\system32\SHELL32.dll
0x73ac0000 - 0x73ad1000 	C:\Windows\system32\NETAPI32.dll
0x73ab0000 - 0x73ab9000 	C:\Windows\system32\netutils.dll
0x75120000 - 0x75139000 	C:\Windows\system32\srvcli.dll
0x73aa0000 - 0x73aaf000 	C:\Windows\system32\wkscli.dll
0x796e0000 - 0x79713000 	C:\Program Files\MATLAB\R2007b\bin\win32\mcr.dll
0x78500000 - 0x78518000 	C:\Program Files\MATLAB\R2007b\bin\win32\bridge.dll
0x7a790000 - 0x7a79d000 	C:\Program Files\MATLAB\R2007b\bin\win32\iqm.dll
0x7a7b0000 - 0x7a7be000 	C:\Program Files\MATLAB\R2007b\bin\win32\libmex.dll
0x79550000 - 0x795a4000 	C:\Program Files\MATLAB\R2007b\bin\win32\m_dispatcher.dll
0x78520000 - 0x7853c000 	C:\Program Files\MATLAB\R2007b\bin\win32\datasvcs.dll
0x79c60000 - 0x7a0f2000 	C:\Program Files\MATLAB\R2007b\bin\win32\m_interpreter.dll
0x78540000 - 0x78560000 	C:\Program Files\MATLAB\R2007b\bin\win32\libmat.dll
0x7aab0000 - 0x7ab78000 	C:\Program Files\MATLAB\R2007b\bin\win32\libhdf5.dll
0x7a810000 - 0x7a819000 	C:\Program Files\MATLAB\R2007b\bin\win32\libmwmathrng.dll
0x790e0000 - 0x79111000 	C:\Program Files\MATLAB\R2007b\bin\win32\m_ir.dll
0x79790000 - 0x79c58000 	C:\Program Files\MATLAB\R2007b\bin\win32\m_parser.dll
0x7a7a0000 - 0x7a7ac000 	C:\Program Files\MATLAB\R2007b\bin\win32\ir_xfmr.dll
0x782e0000 - 0x783df000 	C:\Program Files\MATLAB\R2007b\bin\win32\mcos.dll
0x7a840000 - 0x7a84a000 	C:\Program Files\MATLAB\R2007b\bin\win32\mtok.dll
0x78580000 - 0x78595000 	C:\Program Files\MATLAB\R2007b\bin\win32\m_pcodegen.dll
0x785a0000 - 0x785b2000 	C:\Program Files\MATLAB\R2007b\bin\win32\m_pcodeio.dll
0x79460000 - 0x794a7000 	C:\Program Files\MATLAB\R2007b\bin\win32\profiler.dll
0x7a760000 - 0x7a76d000 	C:\Program Files\MATLAB\R2007b\bin\win32\boost_thread-vc80-mt-1_33_1.dll
0x7a640000 - 0x7a6c8000 	C:\Program Files\MATLAB\R2007b\bin\win32\udd.dll
0x79410000 - 0x79458000 	C:\Program Files\MATLAB\R2007b\bin\win32\comcli.dll
0x79020000 - 0x79055000 	C:\Program Files\MATLAB\R2007b\bin\win32\jmi.dll
0x72820000 - 0x72827000 	C:\Windows\system32\WSOCK32.dll
0x7a6d0000 - 0x7a75b000 	C:\Program Files\MATLAB\R2007b\bin\win32\uiw.dll
0x7b000000 - 0x7b0d6000 	C:\Program Files\MATLAB\R2007b\bin\win32\libmwgui.dll
0x78d40000 - 0x78d6a000 	C:\Program Files\MATLAB\R2007b\bin\win32\libmwhardcopy.dll
0x790a0000 - 0x790d2000 	C:\Program Files\MATLAB\R2007b\bin\win32\libuij.dll
0x7a880000 - 0x7a889000 	C:\Program Files\MATLAB\R2007b\bin\win32\uinone.dll
0x72530000 - 0x72640000 	C:\Windows\WinSxS\x86_microsoft.vc80.mfc_1fc8b3b9a1e18e3b_8.0.50727.4053_none_cbf21254470d8752\MFC80.DLL
0x72a30000 - 0x72a81000 	C:\Windows\system32\WINSPOOL.DRV
0x76b30000 - 0x76c8c000 	C:\Windows\system32\ole32.dll
0x770b0000 - 0x7713f000 	C:\Windows\system32\OLEAUT32.dll
0x71d90000 - 0x71dab000 	C:\Windows\WinSxS\x86_microsoft.vc80.atl_1fc8b3b9a1e18e3b_8.0.50727.4053_none_d1c738ec43578ea1\ATL80.DLL
0x78680000 - 0x787e8000 	C:\Program Files\MATLAB\R2007b\bin\win32\hg.dll
0x787f0000 - 0x7899e000 	C:\Program Files\MATLAB\R2007b\bin\win32\numerics.dll
0x7a7c0000 - 0x7a7c7000 	C:\Program Files\MATLAB\R2007b\bin\win32\libmwamd.dll
0x794b0000 - 0x79508000 	C:\Program Files\MATLAB\R2007b\bin\win32\libmwcholmod.dll
0x7a7f0000 - 0x7a7f7000 	C:\Program Files\MATLAB\R2007b\bin\win32\libmwcolamd.dll
0x78560000 - 0x7857a000 	C:\Program Files\MATLAB\R2007b\bin\win32\libmwlapack.dll
0x7a7d0000 - 0x7a7dc000 	C:\Program Files\MATLAB\R2007b\bin\win32\libmwbinder.dll
0x7a7e0000 - 0x7a7e9000 	C:\Program Files\MATLAB\R2007b\bin\win32\libmwblas.dll
0x7a800000 - 0x7a807000 	C:\Program Files\MATLAB\R2007b\bin\win32\libmwcsparse.dll
0x78d70000 - 0x78d96000 	C:\Program Files\MATLAB\R2007b\bin\win32\libmwma57.dll
0x7a930000 - 0x7a9d9000 	C:\Program Files\MATLAB\R2007b\bin\win32\libifcoremd.dll
0x79160000 - 0x7940c000 	C:\Program Files\MATLAB\R2007b\bin\win32\libmmd.dll
0x79670000 - 0x796dc000 	C:\Program Files\MATLAB\R2007b\bin\win32\libmwumfpack.dll
0x7a5b0000 - 0x7a638000 	C:\Program Files\MATLAB\R2007b\bin\win32\libfftw3.dll
0x7a890000 - 0x7a92c000 	C:\Program Files\MATLAB\R2007b\bin\win32\libfftw3f.dll
0x7a830000 - 0x7a83b000 	C:\Program Files\MATLAB\R2007b\bin\win32\mlautoregister.dll
0x785c0000 - 0x785d2000 	C:\Program Files\MATLAB\R2007b\bin\win32\mwoles05.DLL
0x79720000 - 0x79785000 	C:\Program Files\MATLAB\R2007b\bin\win32\udd_mi.dll
0x77480000 - 0x7749f000 	C:\Windows\system32\IMM32.DLL
0x75d80000 - 0x75e4c000 	C:\Windows\system32\MSCTF.dll
0x72800000 - 0x7280a000 	C:\Windows\WinSxS\x86_microsoft.vc80.mfcloc_1fc8b3b9a1e18e3b_8.0.50727.4053_none_03ca5532205cb096\MFC80CHS.DLL
0x7a100000 - 0x7a5b0000 	C:\Program Files\MATLAB\R2007b\bin\win32\mllapack.dll
0x7b3f0000 - 0x7bcc7000 	C:\Program Files\MATLAB\R2007b\bin\win32\mkl.dll
0x79060000 - 0x79095000 	C:\Program Files\MATLAB\R2007b\bin\win32\libguide40.dll
0x7b0e0000 - 0x7b0e5000 	C:\Program Files\MATLAB\R2007b\bin\win32\mklcompat.dll
0x74130000 - 0x74170000 	C:\Windows\system32\uxtheme.dll
0x732a0000 - 0x732a3000 	C:\Windows\system32\icmp.Dll
0x736b0000 - 0x736cc000 	C:\Windows\system32\iphlpapi.DLL
0x737d0000 - 0x737d7000 	C:\Windows\system32\WINNSI.DLL
0x753e0000 - 0x753ec000 	C:\Windows\system32\CRYPTBASE.dll
0x75e50000 - 0x75ed3000 	C:\Windows\system32\CLBCatQ.DLL
0x78dd0000 - 0x79017000 	C:\Program Files\MATLAB\R2007b\sys\java\jre\win32\jre1.6.0\bin\client\jvm.dll
0x73960000 - 0x73992000 	C:\Windows\system32\WINMM.dll
0x795b0000 - 0x79606000 	C:\Program Files\MATLAB\R2007b\bin\win32\MSVCR71.dll
0x75390000 - 0x753db000 	C:\Windows\system32\apphelp.dll
0x79510000 - 0x79518000 	C:\Program Files\MATLAB\R2007b\sys\java\jre\win32\jre1.6.0\bin\hpi.dll
0x79530000 - 0x7953c000 	C:\Program Files\MATLAB\R2007b\sys\java\jre\win32\jre1.6.0\bin\verify.dll
0x78640000 - 0x7865f000 	C:\Program Files\MATLAB\R2007b\sys\java\jre\win32\jre1.6.0\bin\java.dll
0x79540000 - 0x7954f000 	C:\Program Files\MATLAB\R2007b\sys\java\jre\win32\jre1.6.0\bin\zip.dll
0x785e0000 - 0x785f2000 	C:\Program Files\MATLAB\R2007b\bin\win32\nativejava.dll
0x78600000 - 0x78611000 	C:\Program Files\MATLAB\R2007b\bin\win32\nativejmi.dll
0x7a870000 - 0x7a876000 	C:\Program Files\MATLAB\R2007b\bin\win32\nativeservices.dll
0x75490000 - 0x7549b000 	C:\Windows\system32\profapi.dll
0x78b70000 - 0x78d33000 	C:\Program Files\MATLAB\R2007b\sys\java\jre\win32\jre1.6.0\bin\awt.dll
0x740c0000 - 0x740d3000 	C:\Windows\system32\dwmapi.dll
0x79610000 - 0x79663000 	C:\Program Files\MATLAB\R2007b\sys\java\jre\win32\jre1.6.0\bin\fontmanager.dll
0x78660000 - 0x78673000 	C:\Program Files\MATLAB\R2007b\sys\java\jre\win32\jre1.6.0\bin\net.dll
0x74ec0000 - 0x74efc000 	C:\Windows\system32\mswsock.dll
0x74fd0000 - 0x74fd6000 	C:\Windows\System32\wship6.dll
0x79520000 - 0x79529000 	C:\Program Files\MATLAB\R2007b\sys\java\jre\win32\jre1.6.0\bin\nio.dll
0x7a860000 - 0x7a866000 	C:\Program Files\MATLAB\R2007b\bin\win32\nativelex.dll
0x7a850000 - 0x7a85c000 	C:\Program Files\MATLAB\R2007b\bin\win32\nativecmdwin.dll
0x78da0000 - 0x78dc3000 	C:\Program Files\MATLAB\R2007b\sys\java\jre\win32\jre1.6.0\bin\dcpr.dll
0x04ac0000 - 0x04b6a000 	C:\Windows\system32\spool\DRIVERS\W32X86\3\hpmdp093.dll
0x568e0000 - 0x5699a000 	C:\Windows\system32\spool\DRIVERS\W32X86\3\UNIDRVUI.DLL
0x74950000 - 0x74959000 	C:\Windows\system32\VERSION.dll
0x75370000 - 0x7538a000 	C:\Windows\system32\SspiCli.dll
0x76c90000 - 0x76e2d000 	C:\Windows\system32\SETUPAPI.dll

VM Arguments:
jvm_args: -Xss512k -XX:PermSize=32M -Xms64m -XX:NewRatio=3 -XX:MaxPermSize=64M -Xmx128m -XX:MaxDirectMemorySize=1200000000 -Dsun.java2d.noddraw=true -Dsun.awt.nopixfmt=true -Xshare:off -Djava.library.path=C:\Program Files\MATLAB\R2007b\bin\win32 vfprintf abort
java_command: <unknown>
Launcher Type: generic

Environment Variables:
PATH=C:\Program Files\MATLAB\R2007b\sys\java\jre\win32\jre1.6.0\bin;C:\Program Files\MATLAB\R2007b\sys\webrenderer\windows\corecomponents;C:\Program Files\MATLAB\R2007b\sys\webrenderer\windows;C:\Program Files\Common Files\Microsoft Shared\Windows Live;C:\Windows\system32;C:\Windows;C:\Windows\System32\Wbem;C:\Windows\System32\WindowsPowerShell\v1.0\;C:\Program Files\ATI Technologies\ATI.ACE\Core-Static;C:\Program Files\MATLAB\R2007b\bin;C:\Program Files\MATLAB\R2007b\bin\win32;C:\Program Files\Windows Live\Shared
USERNAME=BIOPIC SUN
OS=Windows_NT
PROCESSOR_IDENTIFIER=x86 Family 6 Model 37 Stepping 5, GenuineIntel



---------------  S Y S T E M  ---------------

OS: Windows NT 6.1 Build 7600 

CPU:total 4 family 6, cmov, cx8, fxsr, mmx, sse, sse2

Memory: 4k page, physical 3136632k(1741220k free), swap 4194303k(2533136k free)

vm_info: Java HotSpot(TM) Client VM (1.6.0-b105) for windows-x86, built on Nov 29 2006 00:48:48 by "java_re" with unknown MS VC++:1310

